[21:47:43] [main/INFO] (FabricLoader/GameProvider) Loading Minecraft 1.21.3 with Fabric Loader 0.16.13
[21:47:43] [main/INFO] (FabricLoader) Loading 57 mods:
	- bettermc 1.0
	- fabric-api 0.114.0+1.21.3
	- fabric-api-base 0.4.50+119c825640
	- fabric-api-lookup-api-v1 1.6.81+fd37071f40
	- fabric-biome-api-v1 14.0.7+add2a48640
	- fabric-block-api-v1 1.0.28+fd37071f40
	- fabric-block-view-api-v2 1.0.16+fd37071f40
	- fabric-blockrenderlayer-v1 2.0.4+fd37071f40
	- fabric-client-tags-api-v1 1.1.25+a730659c40
	- fabric-command-api-v1 1.2.58+f71b366f40
	- fabric-command-api-v2 2.2.37+c9d82ab240
	- fabric-commands-v0 0.2.75+df3654b340
	- fabric-content-registries-v0 9.1.8+fd37071f40
	- fabric-convention-tags-v1 2.1.4+7f945d5b40
	- fabric-convention-tags-v2 2.9.4+129f0c1f40
	- fabric-crash-report-info-v1 0.3.3+fd37071f40
	- fabric-data-attachment-api-v1 1.4.0+dbad41f140
	- fabric-data-generation-api-v1 21.1.2+a730659c40
	- fabric-dimensions-v1 4.0.7+fd37071f40
	- fabric-entity-events-v1 2.0.8+825023f840
	- fabric-events-interaction-v0 2.0.12+c2c3ac4740
	- fabric-game-rule-api-v1 1.0.59+fd37071f40
	- fabric-gametest-api-v1 2.0.15+fd37071f40
	- fabric-item-api-v1 11.1.7+fd37071f40
	- fabric-item-group-api-v1 4.1.17+fd37071f40
	- fabric-key-binding-api-v1 1.0.53+fd37071f40
	- fabric-keybindings-v0 0.2.51+df3654b340
	- fabric-lifecycle-events-v1 2.5.1+6da5ef6940
	- fabric-loot-api-v2 3.0.26+3f89f5a540
	- fabric-loot-api-v3 1.0.14+fd37071f40
	- fabric-message-api-v1 6.0.21+fd37071f40
	- fabric-model-loading-api-v1 3.0.9+fd37071f40
	- fabric-networking-api-v1 4.3.5+fd37071f40
	- fabric-object-builder-api-v1 17.0.9+fd37071f40
	- fabric-particles-v1 4.0.10+fd37071f40
	- fabric-recipe-api-v1 7.0.5+8ea69ff840
	- fabric-registry-sync-v0 5.4.1+3f3c499540
	- fabric-renderer-api-v1 4.0.5+fd37071f40
	- fabric-renderer-indigo 1.9.5+fd37071f40
	- fabric-rendering-data-attachment-v1 0.3.54+73761d2e40
	- fabric-rendering-fluids-v1 3.1.15+fd37071f40
	- fabric-rendering-v0 1.1.84+df3654b340
	- fabric-rendering-v1 8.0.8+6922831640
	- fabric-resource-conditions-api-v1 5.0.8+fd37071f40
	- fabric-resource-loader-v0 3.0.6+fd37071f40
	- fabric-screen-api-v1 2.0.34+fd37071f40
	- fabric-screen-handler-api-v1 1.3.103+fd37071f40
	- fabric-sound-api-v1 1.0.29+fd37071f40
	- fabric-tag-api-v1 1.0.0+a730659c40
	- fabric-transfer-api-v1 5.4.3+cb44d14340
	- fabric-transitive-access-wideners-v1 6.2.0+54a41b1c40
	- fabricloader 0.16.13
	- java 21
	- lithium 0.14.6+mc1.21.3
	- minecraft 1.21.3
	- mixinextras 0.4.1
	- sodium 0.6.13+mc1.21.3
[21:47:43] [main/INFO] (FabricLoader/Mixin) SpongePowered MIXIN Subsystem Version=0.8.7 Source=file:/C:/Users/nikla/.gradle/caches/modules-2/files-2.1/net.fabricmc/sponge-mixin/0.15.4+mixin.0.8.7/6a12aacc794f1078458433116e9ed42c1cc98096/sponge-mixin-0.15.4+mixin.0.8.7.jar Service=Knot/Fabric Env=CLIENT
[21:47:43] [main/INFO] (FabricLoader/Mixin) Loaded Fabric development mappings for mixin remapper!
[21:47:43] [main/INFO] (FabricLoader/Mixin) Compatibility level set to JAVA_21
[21:47:43] [main/INFO] (Lithium) Loaded configuration file for Lithium: 140 options available, 1 override(s) found
[21:47:43] [main/INFO] (Sodium) Loaded configuration file for Sodium: 43 options available, 0 override(s) found
[21:47:44] [main/INFO] (Lithium) Force-enabling mixin 'compat.transfer_api.TransferApiHelperMixin' as rule 'mixin.compat.transfer_api' (added by mods [lithium]) enables it
[21:47:44] [main/INFO] (Sodium-GraphicsAdapterProbe) Searching for graphics cards...
[21:47:44] [main/INFO] (Sodium-GraphicsAdapterProbe) Found graphics adapter: AdapterInfo{vendor=AMD, description='AMD Radeon RX 6800 XT', adapterType=0x0000230B, openglIcdFilePath='C:\WINDOWS\System32\DriverStore\FileRepository\u0412790.inf_amd64_b0a9eb989e37c81c\B413137\atig6pxx.dll', openglIcdVersion=32.0.13031.3015}
[21:47:44] [main/INFO] (FabricLoader/MixinExtras|Service) Initializing MixinExtras via com.llamalad7.mixinextras.service.MixinExtrasServiceImpl(version=0.4.1).
[21:47:45] [Datafixer Bootstrap/INFO] (Minecraft) 237 Datafixer optimizations took 311 milliseconds
[21:47:45] [main/WARN] (PerfmonDisabled) Invalid registry value type detected for PerfOS counters. Should be REG_DWORD. Ignoring: HKEY_LOCAL_MACHINE\SYSTEM\CurrentControlSet\Services\PerfOS\Performance\Disable Performance Counters.
[21:47:49] [Render thread/INFO] (Minecraft) Environment: Environment[sessionHost=https://sessionserver.mojang.com, servicesHost=https://api.minecraftservices.com, name=PROD]
[21:47:49] [Render thread/INFO] (Minecraft) Setting user: Player597
[21:47:49] [Render thread/INFO] (Indigo) [Indigo] Different rendering plugin detected; not applying Indigo.
[21:47:50] [Render thread/INFO] (Minecraft) Backend library: LWJGL version 3.3.3-snapshot
[21:47:50] [Render thread/INFO] (Minecraft) OpenGL Vendor: ATI Technologies Inc.
[21:47:50] [Render thread/INFO] (Minecraft) OpenGL Renderer: AMD Radeon RX 6800 XT
[21:47:50] [Render thread/INFO] (Minecraft) OpenGL Version: 3.2.0 Core Profile Context 25.3.1.250220
[21:47:51] [Render thread/INFO] (Minecraft) Reloading ResourceManager: vanilla, fabric, bettermc, fabric-api, fabric-api-base, fabric-api-lookup-api-v1, fabric-biome-api-v1, fabric-block-api-v1, fabric-block-view-api-v2, fabric-blockrenderlayer-v1, fabric-client-tags-api-v1, fabric-command-api-v1, fabric-command-api-v2, fabric-commands-v0, fabric-content-registries-v0, fabric-convention-tags-v1, fabric-convention-tags-v2, fabric-crash-report-info-v1, fabric-data-attachment-api-v1, fabric-data-generation-api-v1, fabric-dimensions-v1, fabric-entity-events-v1, fabric-events-interaction-v0, fabric-game-rule-api-v1, fabric-gametest-api-v1, fabric-item-api-v1, fabric-item-group-api-v1, fabric-key-binding-api-v1, fabric-keybindings-v0, fabric-lifecycle-events-v1, fabric-loot-api-v2, fabric-loot-api-v3, fabric-message-api-v1, fabric-model-loading-api-v1, fabric-networking-api-v1, fabric-object-builder-api-v1, fabric-particles-v1, fabric-recipe-api-v1, fabric-registry-sync-v0, fabric-renderer-api-v1, fabric-renderer-indigo, fabric-rendering-data-attachment-v1, fabric-rendering-fluids-v1, fabric-rendering-v0, fabric-rendering-v1, fabric-resource-conditions-api-v1, fabric-resource-loader-v0, fabric-screen-api-v1, fabric-screen-handler-api-v1, fabric-sound-api-v1, fabric-tag-api-v1, fabric-transfer-api-v1, fabric-transitive-access-wideners-v1, fabricloader, lithium, sodium
[21:47:51] [Worker-Main-4/INFO] (Minecraft) Found unifont_jp_patch-15.1.05.hex, loading
[21:47:51] [Worker-Main-14/INFO] (Minecraft) Found unifont_all_no_pua-15.1.05.hex, loading
[21:47:52] [Render thread/WARN] (Minecraft) Missing sound for event: minecraft:block.spawner.fall
[21:47:52] [Render thread/INFO] (Minecraft) OpenAL initialized on device OpenAL Soft on Lautsprecher (Realtek(R) Audio)
[21:47:52] [Render thread/INFO] (Minecraft) Sound engine started
[21:47:52] [Render thread/INFO] (Minecraft) Created: 1024x512x4 minecraft:textures/atlas/blocks.png-atlas
[21:47:52] [Render thread/INFO] (Minecraft) Created: 256x256x4 minecraft:textures/atlas/signs.png-atlas
[21:47:52] [Render thread/INFO] (Minecraft) Created: 512x512x4 minecraft:textures/atlas/shield_patterns.png-atlas
[21:47:52] [Render thread/INFO] (Minecraft) Created: 512x512x4 minecraft:textures/atlas/banner_patterns.png-atlas
[21:47:52] [Render thread/INFO] (Minecraft) Created: 1024x1024x4 minecraft:textures/atlas/armor_trims.png-atlas
[21:47:52] [Render thread/INFO] (Minecraft) Created: 128x64x4 minecraft:textures/atlas/decorated_pot.png-atlas
[21:47:52] [Render thread/INFO] (Minecraft) Created: 256x256x4 minecraft:textures/atlas/chest.png-atlas
[21:47:52] [Render thread/INFO] (Minecraft) Created: 512x256x4 minecraft:textures/atlas/beds.png-atlas
[21:47:52] [Render thread/INFO] (Minecraft) Created: 512x256x4 minecraft:textures/atlas/shulker_boxes.png-atlas
[21:47:52] [Render thread/INFO] (Minecraft) Created: 64x64x0 minecraft:textures/atlas/map_decorations.png-atlas
[21:47:52] [Render thread/INFO] (Minecraft) Created: 512x256x0 minecraft:textures/atlas/particles.png-atlas
[21:47:52] [Render thread/INFO] (Minecraft) Created: 512x256x0 minecraft:textures/atlas/paintings.png-atlas
[21:47:52] [Render thread/INFO] (Minecraft) Created: 256x128x0 minecraft:textures/atlas/mob_effects.png-atlas
[21:47:52] [Render thread/INFO] (Minecraft) Created: 1024x512x0 minecraft:textures/atlas/gui.png-atlas
[21:48:00] [Render thread/INFO] (Minecraft) Loaded 1363 recipes
[21:48:00] [Render thread/INFO] (Minecraft) Loaded 1479 advancements
[21:48:00] [Render thread/INFO] (BiomeModificationImpl) Applied 0 biome modifications to 0 of 64 new biomes in 985.0 μs
[21:48:00] [Server thread/INFO] (Minecraft) Starting integrated minecraft server version 1.21.3
[21:48:00] [Server thread/INFO] (Minecraft) Generating keypair
[21:48:01] [Server thread/INFO] (Minecraft) Preparing start region for dimension minecraft:overworld
[21:48:01] [Render thread/INFO] (Minecraft) Preparing spawn area: 0%
[21:48:01] [Render thread/INFO] (Minecraft) Time elapsed: 171 ms
[21:48:01] [Server thread/WARN] (TranslationConventionLogWarnings) 
	Dev warning - Untranslated Item Tags detected. Please translate your item tags so other mods such as recipe viewers can properly display your tag's name.
	The format desired is tag.item.<namespace>.<path> for the translation key with slashes in path turned into periods.
	To disable this message, set this system property in your runs: `-Dfabric-tag-conventions-v2.missingTagTranslationWarning=SILENCED`.
	To see individual untranslated item tags found, set the system property to `-Dfabric-tag-conventions-v2.missingTagTranslationWarning=VERBOSE`.
	Default is `SHORT`.

[21:48:01] [Server thread/INFO] (Minecraft) Changing view distance to 20, from 10
[21:48:01] [Server thread/INFO] (Minecraft) Changing simulation distance to 20, from 0
[21:48:01] [Server thread/INFO] (Minecraft) Player597[local:E:82bfe0a9] logged in with entity id 26 at (6.620934701789415, -60.0, -6.715090487539354)
[21:48:01] [Server thread/INFO] (Minecraft) Player597 joined the game
[21:48:01] [Render thread/INFO] (ChunkBuilder) Started 10 worker threads
[21:48:02] [Render thread/INFO] (Minecraft) Loaded 16 advancements
[21:48:03] [Server thread/INFO] (Minecraft) Saving and pausing game...
[21:48:03] [Server thread/INFO] (Minecraft) Saving chunks for level 'ServerLevel[New World]'/minecraft:overworld
[21:48:03] [Server thread/INFO] (Minecraft) Saving chunks for level 'ServerLevel[New World]'/minecraft:the_nether
[21:48:03] [Server thread/INFO] (Minecraft) Saving chunks for level 'ServerLevel[New World]'/minecraft:the_end
[21:48:14] [Render thread/INFO] (Minecraft) Loaded 24 advancements
[21:48:16] [Server thread/INFO] (Minecraft) Saving and pausing game...
[21:48:16] [Server thread/INFO] (Minecraft) Saving chunks for level 'ServerLevel[New World]'/minecraft:overworld
[21:48:16] [Server thread/INFO] (Minecraft) Saving chunks for level 'ServerLevel[New World]'/minecraft:the_nether
[21:48:16] [Server thread/INFO] (Minecraft) Saving chunks for level 'ServerLevel[New World]'/minecraft:the_end
[21:48:48] [Server thread/INFO] (Minecraft) Saving and pausing game...
[21:48:48] [Server thread/INFO] (Minecraft) Saving chunks for level 'ServerLevel[New World]'/minecraft:overworld
[21:48:48] [Server thread/INFO] (Minecraft) Saving chunks for level 'ServerLevel[New World]'/minecraft:the_nether
[21:48:48] [Server thread/INFO] (Minecraft) Saving chunks for level 'ServerLevel[New World]'/minecraft:the_end
[21:48:49] [Server thread/INFO] (Minecraft) Player597 lost connection: Disconnected
[21:48:49] [Server thread/INFO] (Minecraft) Player597 left the game
[21:48:50] [Server thread/INFO] (Minecraft) Stopping singleplayer server as player logged out
[21:48:50] [Server thread/INFO] (Minecraft) Stopping server
[21:48:50] [Server thread/INFO] (Minecraft) Saving players
[21:48:50] [Server thread/INFO] (Minecraft) Saving worlds
[21:48:50] [Server thread/INFO] (Minecraft) Saving chunks for level 'ServerLevel[New World]'/minecraft:overworld
[21:49:15] [Server thread/INFO] (Minecraft) Saving chunks for level 'ServerLevel[New World]'/minecraft:the_nether
[21:49:15] [Server thread/INFO] (Minecraft) Saving chunks for level 'ServerLevel[New World]'/minecraft:the_end
[21:49:15] [Server thread/INFO] (Minecraft) ThreadedAnvilChunkStorage (New World (1)): All chunks are saved
[21:49:15] [Server thread/INFO] (Minecraft) ThreadedAnvilChunkStorage (DIM-1): All chunks are saved
[21:49:15] [Server thread/INFO] (Minecraft) ThreadedAnvilChunkStorage (DIM1): All chunks are saved
[21:49:15] [Server thread/INFO] (Minecraft) ThreadedAnvilChunkStorage: All dimensions are saved
[21:49:15] [Render thread/INFO] (ChunkBuilder) Stopping worker threads
[21:49:58] [Render thread/INFO] (Minecraft) Loaded 1363 recipes
[21:49:58] [Render thread/INFO] (Minecraft) Loaded 1479 advancements
[21:49:58] [Render thread/INFO] (BiomeModificationImpl) Applied 0 biome modifications to 0 of 64 new biomes in 243.6 μs
[21:49:58] [Server thread/INFO] (Minecraft) Starting integrated minecraft server version 1.21.3
[21:49:58] [Server thread/INFO] (Minecraft) Generating keypair
[21:49:58] [Server thread/INFO] (Minecraft) Preparing start region for dimension minecraft:overworld
[21:49:58] [Render thread/INFO] (Minecraft) Preparing spawn area: 0%
[21:49:58] [Render thread/INFO] (Minecraft) Time elapsed: 18 ms
[21:49:58] [Server thread/WARN] (TranslationConventionLogWarnings) 
	Dev warning - Untranslated Item Tags detected. Please translate your item tags so other mods such as recipe viewers can properly display your tag's name.
	The format desired is tag.item.<namespace>.<path> for the translation key with slashes in path turned into periods.
	To disable this message, set this system property in your runs: `-Dfabric-tag-conventions-v2.missingTagTranslationWarning=SILENCED`.
	To see individual untranslated item tags found, set the system property to `-Dfabric-tag-conventions-v2.missingTagTranslationWarning=VERBOSE`.
	Default is `SHORT`.

[21:49:58] [Server thread/INFO] (Minecraft) Changing view distance to 20, from 10
[21:49:58] [Server thread/INFO] (Minecraft) Changing simulation distance to 20, from 0
[21:49:58] [Server thread/INFO] (Minecraft) Player597[local:E:19f0e187] logged in with entity id 256 at (14.425738598355275, -60.0, 25.678435087028316)
[21:49:58] [Server thread/INFO] (Minecraft) Player597 joined the game
[21:49:58] [Server thread/INFO] (Minecraft) Player597 has made the advancement [Isn't It Iron Pick]
[21:49:58] [Render thread/INFO] (ChunkBuilder) Started 10 worker threads
[21:49:58] [Render thread/INFO] (Minecraft) [System] [CHAT] Player597 has made the advancement [Isn't It Iron Pick]
[21:49:58] [Render thread/INFO] (Minecraft) Loaded 15 advancements
[21:50:00] [Server thread/INFO] (Minecraft) Saving and pausing game...
[21:50:00] [Server thread/INFO] (Minecraft) Saving chunks for level 'ServerLevel[New World]'/minecraft:overworld
[21:50:00] [Server thread/INFO] (Minecraft) Saving chunks for level 'ServerLevel[New World]'/minecraft:the_nether
[21:50:00] [Server thread/INFO] (Minecraft) Saving chunks for level 'ServerLevel[New World]'/minecraft:the_end
[21:50:01] [Server thread/INFO] (Minecraft) Player597 lost connection: Disconnected
[21:50:01] [Server thread/INFO] (Minecraft) Player597 left the game
[21:50:01] [Server thread/INFO] (Minecraft) Stopping singleplayer server as player logged out
[21:50:01] [Server thread/INFO] (Minecraft) Stopping server
[21:50:01] [Server thread/INFO] (Minecraft) Saving players
[21:50:01] [Server thread/INFO] (Minecraft) Saving worlds
[21:50:02] [Server thread/INFO] (Minecraft) Saving chunks for level 'ServerLevel[New World]'/minecraft:overworld
[21:50:06] [Server thread/INFO] (Minecraft) Saving chunks for level 'ServerLevel[New World]'/minecraft:the_nether
[21:50:06] [Server thread/INFO] (Minecraft) Saving chunks for level 'ServerLevel[New World]'/minecraft:the_end
[21:50:06] [Server thread/INFO] (Minecraft) ThreadedAnvilChunkStorage (New World): All chunks are saved
[21:50:06] [Server thread/INFO] (Minecraft) ThreadedAnvilChunkStorage (DIM-1): All chunks are saved
[21:50:06] [Server thread/INFO] (Minecraft) ThreadedAnvilChunkStorage (DIM1): All chunks are saved
[21:50:06] [Server thread/INFO] (Minecraft) ThreadedAnvilChunkStorage: All dimensions are saved
[21:50:06] [Render thread/INFO] (ChunkBuilder) Stopping worker threads
[21:50:11] [Render thread/INFO] (Minecraft) Deleting level New World (1)
[21:50:11] [Render thread/INFO] (Minecraft) Attempt 1...
[21:50:12] [Render thread/INFO] (Minecraft) Stopping!
